<?xml version="1.0" encoding="UTF-8"?>
<testng-results total="0" passed="0" failed="0" skipped="0">
  <reporter-output>
  </reporter-output>
  <suite started-at="2019-08-25T09:35:10Z" name="CRMPRO Regression Suite" finished-at="2019-08-25T09:35:10Z" duration-ms="9">
    <groups>
    </groups>
    <test started-at="2019-08-25T09:35:10Z" name="General Regression" finished-at="2019-08-25T09:35:10Z" duration-ms="9">
    </test> <!-- General Regression -->
  </suite> <!-- CRMPRO Regression Suite -->
</testng-results>
